2020-01-31 12:27:01,602 INFO  [Log] Application Opened 
2020-01-31 12:27:08,873 INFO  [Log] Login  completed 
2020-01-31 12:27:16,159 INFO  [Log] Clicked on Build2 
2020-01-31 12:27:21,009 INFO  [Log] Clicked on Admin Link 
2020-01-31 12:27:25,489 INFO  [Log] Admin login completed 
2020-01-31 12:27:29,184 INFO  [Log] Clicked on AddNew loan link 
2020-01-31 12:27:35,297 INFO  [Log] New Loan Added Successfully 
2020-01-31 12:27:40,113 INFO  [Log] Brower closed 
2020-02-01 16:46:59,699 INFO  [Log] Application opened 
2020-02-01 16:46:59,701 INFO  [Log] Application Opened 
2020-02-01 16:47:03,585 INFO  [Log] Login  completed 
2020-02-01 16:47:08,233 INFO  [Log] Clicked on Build2 
2020-02-01 16:47:11,708 INFO  [Log] Clicked on Admin Link 
2020-02-01 16:47:15,271 INFO  [Log] Admin login completed 
2020-02-01 16:47:18,528 INFO  [Log] Clicked on AddNew loan link 
2020-02-01 16:47:22,557 INFO  [Log] New Loan Added Successfully 
2020-02-01 16:47:23,052 INFO  [Log] Brower closed 
2020-02-02 23:01:21,637 INFO  [Log] Application opened 
2020-02-02 23:01:21,772 INFO  [Log] Application Opened 
2020-02-02 23:01:28,870 INFO  [Log] Login  completed 
2020-02-02 23:01:32,960 INFO  [Log] Clicked on Build2 
2020-02-02 23:01:36,387 INFO  [Log] Clicked on Admin Link 
2020-02-02 23:01:39,902 INFO  [Log] Admin login completed 
2020-02-02 23:01:43,139 INFO  [Log] Clicked on AddNew loan link 
2020-02-02 23:01:46,868 INFO  [Log] New Loan Added Successfully 
2020-02-02 23:01:47,229 INFO  [Log] Brower closed 
2020-02-02 23:42:48,681 INFO  [Log] Application opened 
2020-02-02 23:42:48,882 INFO  [Log] Application Opened 
2020-02-02 23:42:56,113 INFO  [Log] Login  completed 
2020-02-02 23:43:00,659 INFO  [Log] Clicked on Build2 
2020-02-02 23:43:04,231 INFO  [Log] Clicked on Admin Link 
2020-02-02 23:43:07,730 INFO  [Log] Admin login completed 
2020-02-02 23:43:10,967 INFO  [Log] Clicked on AddNew loan link 
2020-02-02 23:43:14,680 INFO  [Log] New Loan Added Successfully 
2020-02-02 23:43:15,321 INFO  [Log] Brower closed 
2020-02-02 23:43:24,822 INFO  [Log] Application opened 
2020-02-02 23:43:24,823 INFO  [Log] Application Opened 
2020-02-02 23:43:28,728 INFO  [Log] Login  completed 
2020-02-02 23:43:32,720 INFO  [Log] Clicked on Build2 
2020-02-02 23:43:36,065 INFO  [Log] Clicked on Admin Link 
2020-02-02 23:43:39,659 INFO  [Log] Admin login completed 
2020-02-02 23:43:42,928 INFO  [Log] Clicked on AddNew loan link 
2020-02-02 23:43:46,540 INFO  [Log] New Loan Added Successfully 
2020-02-02 23:43:46,654 INFO  [Log] Brower closed 
2020-02-03 12:48:38,793 INFO  [Log] Application opened 
2020-02-03 12:48:38,922 INFO  [Log] Application Opened 
2020-02-03 12:48:43,728 INFO  [Log] Login  completed 
2020-02-03 12:48:52,191 INFO  [Log] Clicked on Build2 
2020-02-03 12:48:57,499 INFO  [Log] Clicked on Admin Link 
2020-02-03 12:49:01,524 INFO  [Log] Admin login completed 
2020-02-03 12:49:04,954 INFO  [Log] Clicked on AddNew loan link 
2020-02-03 12:49:09,153 INFO  [Log] New Loan Added Successfully 
2020-02-03 12:49:10,604 INFO  [Log] Brower closed 
2020-02-03 12:49:22,916 INFO  [Log] Application opened 
2020-02-03 12:49:22,916 INFO  [Log] Application Opened 
2020-02-03 12:49:26,686 INFO  [Log] Login  completed 
2020-02-03 12:49:32,570 INFO  [Log] Clicked on Build2 
2020-02-03 12:49:36,438 INFO  [Log] Clicked on Admin Link 
2020-02-03 12:49:40,854 INFO  [Log] Admin login completed 
2020-02-03 12:49:44,277 INFO  [Log] Clicked on AddNew loan link 
2020-02-03 12:49:48,316 INFO  [Log] New Loan Added Successfully 
2020-02-03 12:49:48,426 INFO  [Log] Brower closed 
2020-02-03 12:54:10,789 INFO  [Log] Application opened 
2020-02-03 12:54:10,863 INFO  [Log] Application Opened 
2020-02-03 12:54:16,479 INFO  [Log] Login  completed 
2020-02-03 12:54:21,703 INFO  [Log] Clicked on Build2 
2020-02-03 12:54:25,582 INFO  [Log] Clicked on Admin Link 
2020-02-03 12:54:29,919 INFO  [Log] Admin login completed 
2020-02-03 12:54:33,407 INFO  [Log] Clicked on AddNew loan link 
2020-02-03 12:54:37,949 INFO  [Log] New Loan Added Successfully 
2020-02-03 12:54:39,219 INFO  [Log] Brower closed 
2020-02-03 12:54:50,628 INFO  [Log] Application opened 
2020-02-03 12:54:50,628 INFO  [Log] Application Opened 
2020-02-03 12:54:54,410 INFO  [Log] Login  completed 
2020-02-03 12:54:59,213 INFO  [Log] Clicked on Build2 
2020-02-03 12:55:03,572 INFO  [Log] Clicked on Admin Link 
2020-02-03 12:55:07,792 INFO  [Log] Admin login completed 
2020-02-03 12:55:11,350 INFO  [Log] Clicked on AddNew loan link 
2020-02-03 12:55:15,177 INFO  [Log] New Loan Added Successfully 
2020-02-03 12:55:15,991 INFO  [Log] Brower closed 
2020-02-04 00:08:21,658 INFO  [Log] Application opened 
2020-02-04 00:08:21,769 INFO  [Log] Application Opened 
2020-02-04 00:08:31,895 INFO  [Log] Login  completed 
2020-02-04 00:08:36,039 INFO  [Log] Clicked on Build2 
2020-02-04 00:08:39,696 INFO  [Log] Clicked on Admin Link 
2020-02-04 00:08:44,443 INFO  [Log] Admin login completed 
2020-02-04 00:08:47,913 INFO  [Log] Clicked on AddNew loan link 
2020-02-04 00:08:52,517 INFO  [Log] New Loan Added Successfully 
2020-02-04 00:08:56,960 INFO  [Log] Brower closed 
2020-02-04 00:09:07,392 INFO  [Log] Application opened 
2020-02-04 00:09:07,393 INFO  [Log] Application Opened 
2020-02-04 00:09:11,222 INFO  [Log] Login  completed 
2020-02-04 00:09:16,060 INFO  [Log] Clicked on Build2 
2020-02-04 00:09:19,878 INFO  [Log] Clicked on Admin Link 
2020-02-04 00:09:23,690 INFO  [Log] Admin login completed 
2020-02-04 00:09:26,911 INFO  [Log] Clicked on AddNew loan link 
2020-02-04 00:09:30,774 INFO  [Log] New Loan Added Successfully 
2020-02-04 00:09:32,853 INFO  [Log] Brower closed 
2020-02-04 00:35:24,060 INFO  [Log] Application opened 
2020-02-04 00:35:24,127 INFO  [Log] Application Opened 
2020-02-04 00:35:28,335 INFO  [Log] Login  completed 
2020-02-04 00:35:32,483 INFO  [Log] Clicked on Build2 
2020-02-04 00:35:36,133 INFO  [Log] Clicked on Admin Link 
2020-02-04 00:35:40,577 INFO  [Log] Admin login completed 
2020-02-04 00:35:43,915 INFO  [Log] Clicked on AddNew loan link 
2020-02-04 00:35:47,586 INFO  [Log] New Loan Added Successfully 
2020-02-04 00:35:47,908 INFO  [Log] Brower closed 
2020-02-04 00:35:57,226 INFO  [Log] Application opened 
2020-02-04 00:35:57,226 INFO  [Log] Application Opened 
2020-02-04 00:36:01,432 INFO  [Log] Login  completed 
2020-02-04 00:36:05,647 INFO  [Log] Clicked on Build2 
2020-02-04 00:36:09,956 INFO  [Log] Clicked on Admin Link 
2020-02-04 00:36:13,456 INFO  [Log] Admin login completed 
2020-02-04 00:36:16,667 INFO  [Log] Clicked on AddNew loan link 
2020-02-04 00:36:20,325 INFO  [Log] New Loan Added Successfully 
2020-02-04 00:36:20,402 INFO  [Log] Brower closed 
2020-02-04 11:38:30,532 INFO  [Log] Application opened 
2020-02-04 11:38:30,582 INFO  [Log] Application Opened 
2020-02-04 11:38:36,767 INFO  [Log] Login  completed 
2020-02-04 11:38:44,781 INFO  [Log] Clicked on Build2 
2020-02-04 11:38:48,749 INFO  [Log] Clicked on Admin Link 
2020-02-04 11:38:52,841 INFO  [Log] Admin login completed 
2020-02-04 11:38:56,193 INFO  [Log] Clicked on AddNew loan link 
2020-02-04 11:39:00,363 INFO  [Log] New Loan Added Successfully 
2020-02-04 11:39:02,359 INFO  [Log] Brower closed 
2020-02-04 11:39:14,052 INFO  [Log] Application opened 
2020-02-04 11:39:14,052 INFO  [Log] Application Opened 
2020-02-04 11:39:17,907 INFO  [Log] Login  completed 
2020-02-04 11:39:23,486 INFO  [Log] Clicked on Build2 
2020-02-04 11:39:27,351 INFO  [Log] Clicked on Admin Link 
2020-02-04 11:39:31,730 INFO  [Log] Admin login completed 
2020-02-04 11:39:35,147 INFO  [Log] Clicked on AddNew loan link 
2020-02-04 11:39:39,221 INFO  [Log] New Loan Added Successfully 
2020-02-04 11:39:40,321 INFO  [Log] Brower closed 
2020-02-04 14:45:06,102 INFO  [Log] Application opened 
2020-02-04 14:45:06,543 INFO  [Log] Application Opened 
2020-02-04 14:45:14,225 INFO  [Log] Login  completed 
2020-02-04 14:45:25,799 INFO  [Log] Clicked on Build2 
2020-02-04 14:45:45,026 INFO  [Log] Clicked on Admin Link 
2020-02-04 14:45:56,246 INFO  [Log] Admin login completed 
2020-02-04 14:45:59,766 INFO  [Log] Clicked on AddNew loan link 
2020-02-04 14:46:04,493 INFO  [Log] New Loan Added Successfully 
2020-02-04 14:46:06,521 INFO  [Log] Brower closed 
2020-02-04 14:46:24,917 INFO  [Log] Application opened 
2020-02-04 14:46:24,917 INFO  [Log] Application Opened 
2020-02-04 14:46:30,090 INFO  [Log] Login  completed 
2020-02-04 14:46:35,808 INFO  [Log] Clicked on Build2 
2020-02-04 14:46:39,769 INFO  [Log] Clicked on Admin Link 
2020-02-04 14:46:43,699 INFO  [Log] Admin login completed 
2020-02-04 14:46:46,980 INFO  [Log] Clicked on AddNew loan link 
2020-02-04 14:46:51,019 INFO  [Log] New Loan Added Successfully 
2020-02-04 14:46:51,971 INFO  [Log] Brower closed 
2020-02-04 19:48:27,729 INFO  [Log] Application opened 
2020-02-04 19:48:27,881 INFO  [Log] Application Opened 
2020-02-04 19:48:34,128 INFO  [Log] Login  completed 
2020-02-04 19:48:38,159 INFO  [Log] Clicked on Build2 
2020-02-04 19:48:41,558 INFO  [Log] Clicked on Admin Link 
2020-02-04 19:48:45,145 INFO  [Log] Admin login completed 
2020-02-04 19:48:48,350 INFO  [Log] Clicked on AddNew loan link 
2020-02-04 19:48:52,222 INFO  [Log] New Loan Added Successfully 
2020-02-04 19:48:56,664 INFO  [Log] Brower closed 
2020-02-04 19:49:05,966 INFO  [Log] Application opened 
2020-02-04 19:49:05,966 INFO  [Log] Application Opened 
2020-02-04 19:49:09,549 INFO  [Log] Login  completed 
2020-02-04 19:49:14,533 INFO  [Log] Clicked on Build2 
2020-02-04 19:49:17,910 INFO  [Log] Clicked on Admin Link 
2020-02-04 19:49:21,505 INFO  [Log] Admin login completed 
2020-02-04 19:49:24,718 INFO  [Log] Clicked on AddNew loan link 
2020-02-04 19:49:28,454 INFO  [Log] New Loan Added Successfully 
2020-02-04 19:49:28,733 INFO  [Log] Brower closed 
2020-02-06 11:16:04,737 INFO  [Log] Application opened 
2020-02-06 11:16:04,780 INFO  [Log] Application Opened 
2020-02-06 11:16:16,434 INFO  [Log] Login  completed 
2020-02-06 11:16:25,210 INFO  [Log] Clicked on Build2 
2020-02-06 11:16:29,111 INFO  [Log] Clicked on Admin Link 
2020-02-06 11:16:33,126 INFO  [Log] Admin login completed 
2020-02-06 11:16:36,749 INFO  [Log] Clicked on AddNew loan link 
2020-02-06 11:16:40,750 INFO  [Log] New Loan Added Successfully 
2020-02-06 11:16:41,764 INFO  [Log] Brower closed 
2020-02-06 11:25:40,765 INFO  [Log] Application opened 
2020-02-06 11:25:40,824 INFO  [Log] Application Opened 
2020-02-06 11:25:46,163 INFO  [Log] Login  completed 
2020-02-06 11:25:51,337 INFO  [Log] Clicked on Build2 
2020-02-06 11:25:56,031 INFO  [Log] Clicked on Admin Link 
2020-02-06 11:26:00,532 INFO  [Log] Admin login completed 
2020-02-06 11:26:09,824 INFO  [Log] Clicked on AddNew loan link 
2020-02-06 11:26:18,468 INFO  [Log] New Loan Added Successfully 
2020-02-06 11:26:22,346 INFO  [Log] Brower closed 
2020-02-06 18:23:02,182 INFO  [Log] Application opened 
2020-02-06 18:23:02,183 INFO  [Log] Application Opened 
2020-02-06 18:23:06,388 INFO  [Log] Login  completed 
2020-02-06 18:23:13,587 INFO  [Log] Clicked on Build2 
2020-02-06 18:23:17,549 INFO  [Log] Clicked on Admin Link 
2020-02-06 18:23:21,469 INFO  [Log] Admin login completed 
2020-02-06 18:23:24,832 INFO  [Log] Clicked on AddNew loan link 
2020-02-06 18:23:28,739 INFO  [Log] New Loan Added Successfully 
2020-02-06 18:23:29,178 INFO  [Log] Brower closed 
2020-02-06 18:23:40,363 INFO  [Log] Application opened 
2020-02-06 18:23:40,363 INFO  [Log] Application Opened 
2020-02-06 18:23:44,076 INFO  [Log] Login  completed 
2020-02-06 18:23:50,703 INFO  [Log] Clicked on Build2 
2020-02-06 18:23:54,536 INFO  [Log] Clicked on Admin Link 
2020-02-06 18:23:58,231 INFO  [Log] Admin login completed 
2020-02-06 18:24:01,563 INFO  [Log] Clicked on AddNew loan link 
2020-02-06 18:24:05,245 INFO  [Log] New Loan Added Successfully 
2020-02-06 18:24:05,384 INFO  [Log] Brower closed 
2020-02-07 00:08:12,295 INFO  [Log] Application opened 
2020-02-07 00:08:12,358 INFO  [Log] Application Opened 
2020-02-07 00:08:16,649 INFO  [Log] Login  completed 
2020-02-07 00:08:22,015 INFO  [Log] Clicked on Build2 
2020-02-07 00:08:25,533 INFO  [Log] Clicked on Admin Link 
2020-02-07 00:08:29,296 INFO  [Log] Admin login completed 
2020-02-07 00:08:32,631 INFO  [Log] Clicked on AddNew loan link 
2020-02-07 00:08:36,536 INFO  [Log] New Loan Added Successfully 
2020-02-07 00:08:37,506 INFO  [Log] Brower closed 
2020-02-07 00:08:44,455 ERROR [Log] Application not Opened 
2020-02-07 00:08:58,503 ERROR [Log] Login issue found 
2020-02-07 00:09:12,526 ERROR [Log] Build2 to not Opened 
2020-02-07 00:09:26,548 ERROR [Log] Admin link not clicked 
2020-02-07 00:09:40,565 ERROR [Log] Admin not login 
2020-02-07 00:09:54,582 ERROR [Log] AddNew load link not clicked 
2020-02-07 00:10:08,604 ERROR [Log] New Load detail not Added 
2020-02-07 00:10:22,876 ERROR [Log] Browser not closed 
2020-02-07 00:37:04,470 INFO  [Log] Application opened 
2020-02-07 00:37:04,470 INFO  [Log] Application Opened 
2020-02-07 00:37:10,118 INFO  [Log] Login  completed 
2020-02-07 00:37:15,223 INFO  [Log] Clicked on Build2 
2020-02-07 00:37:25,008 INFO  [Log] Clicked on Admin Link 
2020-02-07 00:37:37,652 INFO  [Log] Admin login completed 
2020-02-07 00:37:40,954 INFO  [Log] Clicked on AddNew loan link 
2020-02-07 00:37:46,067 INFO  [Log] New Loan Added Successfully 
2020-02-07 00:37:46,671 INFO  [Log] Brower closed 
2020-02-07 00:37:59,594 INFO  [Log] Application opened 
2020-02-07 00:37:59,595 INFO  [Log] Application Opened 
2020-02-07 00:38:03,983 INFO  [Log] Login  completed 
2020-02-07 00:38:08,710 INFO  [Log] Clicked on Build2 
2020-02-07 00:38:12,294 INFO  [Log] Clicked on Admin Link 
2020-02-07 00:38:16,281 INFO  [Log] Admin login completed 
2020-02-07 00:38:19,577 INFO  [Log] Clicked on AddNew loan link 
2020-02-07 00:38:23,353 INFO  [Log] New Loan Added Successfully 
2020-02-07 00:38:23,513 INFO  [Log] Brower closed 
2020-02-07 00:39:40,699 INFO  [Log] Application opened 
2020-02-07 00:39:40,701 INFO  [Log] Application Opened 
2020-02-07 00:39:44,978 INFO  [Log] Login  completed 
2020-02-07 00:39:49,146 INFO  [Log] Clicked on Build2 
2020-02-07 00:39:52,748 INFO  [Log] Clicked on Admin Link 
2020-02-07 00:39:57,214 INFO  [Log] Admin login completed 
2020-02-07 00:40:00,448 INFO  [Log] Clicked on AddNew loan link 
2020-02-07 00:40:04,796 INFO  [Log] New Loan Added Successfully 
2020-02-07 00:40:05,052 INFO  [Log] Brower closed 
2020-02-07 00:40:13,574 INFO  [Log] Application opened 
2020-02-07 00:40:13,574 INFO  [Log] Application Opened 
2020-02-07 00:40:21,345 INFO  [Log] Login  completed 
2020-02-07 00:40:25,843 INFO  [Log] Clicked on Build2 
2020-02-07 00:40:29,242 INFO  [Log] Clicked on Admin Link 
2020-02-07 00:40:33,471 INFO  [Log] Admin login completed 
2020-02-07 00:40:36,840 INFO  [Log] Clicked on AddNew loan link 
2020-02-07 00:40:41,616 INFO  [Log] New Loan Added Successfully 
2020-02-07 00:40:41,732 INFO  [Log] Brower closed 
